Determining if the pthread_create exist failed with the following output:
Change Dir: /home/aghosh/makeUofT2020/catkin_ws/build/imu_filter_madgwick/CMakeFiles/CMakeTmp

Run Build Command:"/usr/bin/make" "cmTC_8a3bc/fast"
/usr/bin/make -f CMakeFiles/cmTC_8a3bc.dir/build.make CMakeFiles/cmTC_8a3bc.dir/build
make[1]: Entering directory '/home/aghosh/makeUofT2020/catkin_ws/build/imu_filter_madgwick/CMakeFiles/CMakeTmp'
Building C object CMakeFiles/cmTC_8a3bc.dir/CheckSymbolExists.c.o
/usr/bin/cc    -o CMakeFiles/cmTC_8a3bc.dir/CheckSymbolExists.c.o   -c /home/aghosh/makeUofT2020/catkin_ws/build/imu_filter_madgwick/CMakeFiles/CMakeTmp/CheckSymbolExists.c
Linking C executable cmTC_8a3bc
/usr/bin/cmake -E cmake_link_script CMakeFiles/cmTC_8a3bc.dir/link.txt --verbose=1
/usr/bin/cc      -rdynamic CMakeFiles/cmTC_8a3bc.dir/CheckSymbolExists.c.o  -o cmTC_8a3bc 
CMakeFiles/cmTC_8a3bc.dir/CheckSymbolExists.c.o: In function `main':
CheckSymbolExists.c:(.text+0x1b): undefined reference to `pthread_create'
collect2: error: ld returned 1 exit status
CMakeFiles/cmTC_8a3bc.dir/build.make:97: recipe for target 'cmTC_8a3bc' failed
make[1]: *** [cmTC_8a3bc] Error 1
make[1]: Leaving directory '/home/aghosh/makeUofT2020/catkin_ws/build/imu_filter_madgwick/CMakeFiles/CMakeTmp'
Makefile:126: recipe for target 'cmTC_8a3bc/fast' failed
make: *** [cmTC_8a3bc/fast] Error 2

File /home/aghosh/makeUofT2020/catkin_ws/build/imu_filter_madgwick/CMakeFiles/CMakeTmp/CheckSymbolExists.c:
/* */
#include <pthread.h>

int main(int argc, char** argv)
{
  (void)argv;
#ifndef pthread_create
  return ((int*)(&pthread_create))[argc];
#else
  (void)argc;
  return 0;
#endif
}

Determining if the function pthread_create exists in the pthreads failed with the following output:
Change Dir: /home/aghosh/makeUofT2020/catkin_ws/build/imu_filter_madgwick/CMakeFiles/CMakeTmp

Run Build Command:"/usr/bin/make" "cmTC_ebf6f/fast"
/usr/bin/make -f CMakeFiles/cmTC_ebf6f.dir/build.make CMakeFiles/cmTC_ebf6f.dir/build
make[1]: Entering directory '/home/aghosh/makeUofT2020/catkin_ws/build/imu_filter_madgwick/CMakeFiles/CMakeTmp'
Building C object CMakeFiles/cmTC_ebf6f.dir/CheckFunctionExists.c.o
/usr/bin/cc   -DCHECK_FUNCTION_EXISTS=pthread_create   -o CMakeFiles/cmTC_ebf6f.dir/CheckFunctionExists.c.o   -c /usr/share/cmake-3.10/Modules/CheckFunctionExists.c
Linking C executable cmTC_ebf6f
/usr/bin/cmake -E cmake_link_script CMakeFiles/cmTC_ebf6f.dir/link.txt --verbose=1
/usr/bin/cc  -DCHECK_FUNCTION_EXISTS=pthread_create    -rdynamic CMakeFiles/cmTC_ebf6f.dir/CheckFunctionExists.c.o  -o cmTC_ebf6f -lpthreads 
/usr/bin/ld: cannot find -lpthreads
collect2: error: ld returned 1 exit status
CMakeFiles/cmTC_ebf6f.dir/build.make:97: recipe for target 'cmTC_ebf6f' failed
make[1]: *** [cmTC_ebf6f] Error 1
make[1]: Leaving directory '/home/aghosh/makeUofT2020/catkin_ws/build/imu_filter_madgwick/CMakeFiles/CMakeTmp'
Makefile:126: recipe for target 'cmTC_ebf6f/fast' failed
make: *** [cmTC_ebf6f/fast] Error 2


