Warning: Cannot symlink from /home/aghosh/makeUofT2020/muscle_makeUofT2020/devel/.private/imu_filter_madgwick/share/imu_filter_madgwick/cmake/imu_filter_madgwickConfig.cmake to existing file /home/aghosh/makeUofT2020/muscle_makeUofT2020/devel/share/imu_filter_madgwick/cmake/imu_filter_madgwickConfig.cmake
Warning: Source hash: 74acc742aa7097140647a9f9f442c601
Warning: Dest hash: ec51cb54331684cf09d4ba76ead8a8ed
Warning: Cannot symlink from /home/aghosh/makeUofT2020/muscle_makeUofT2020/devel/.private/imu_filter_madgwick/lib/libimu_filter_nodelet.so to existing file /home/aghosh/makeUofT2020/muscle_makeUofT2020/devel/lib/libimu_filter_nodelet.so
Warning: Source hash: 8f9108cb8e97e731085bf8e9737f8c93
Warning: Dest hash: 9b5f43f785ff16154180c890713569bc
Warning: Cannot symlink from /home/aghosh/makeUofT2020/muscle_makeUofT2020/devel/.private/imu_filter_madgwick/lib/libimu_filter.so to existing file /home/aghosh/makeUofT2020/muscle_makeUofT2020/devel/lib/libimu_filter.so
Warning: Source hash: 94f2905c1f2bbc91620e8f270610bc84
Warning: Dest hash: 2e37809cb0b088cbf07cffd21e960ec9
Warning: Cannot symlink from /home/aghosh/makeUofT2020/muscle_makeUofT2020/devel/.private/imu_filter_madgwick/lib/imu_filter_madgwick/imu_filter_node to existing file /home/aghosh/makeUofT2020/muscle_makeUofT2020/devel/lib/imu_filter_madgwick/imu_filter_node
Warning: Source hash: c8234abd86cdbc9ea1d51c796cb9b32e
Warning: Dest hash: df254ab7bc5d7652e6007128895bfd28
Warning: Cannot symlink from /home/aghosh/makeUofT2020/muscle_makeUofT2020/devel/.private/imu_filter_madgwick/lib/pkgconfig/imu_filter_madgwick.pc to existing file /home/aghosh/makeUofT2020/muscle_makeUofT2020/devel/lib/pkgconfig/imu_filter_madgwick.pc
Warning: Source hash: aed2c916e60fa981f0c2268a29ad83ab
Warning: Dest hash: aa425b696ceb579edc54594d052254da
Cleaning: (/home/aghosh/makeUofT2020/catkin_ws/devel/.private/imu_filter_madgwick/cmake.lock, /home/aghosh/makeUofT2020/catkin_ws/devel/./cmake.lock)
Cleaning: (/home/aghosh/makeUofT2020/catkin_ws/devel/.private/imu_filter_madgwick/share/imu_filter_madgwick/cmake/imu_filter_madgwickConfig-version.cmake, /home/aghosh/makeUofT2020/catkin_ws/devel/share/imu_filter_madgwick/cmake/imu_filter_madgwickConfig-version.cmake)
Cleaning: (/home/aghosh/makeUofT2020/catkin_ws/devel/.private/imu_filter_madgwick/share/imu_filter_madgwick/cmake/imu_filter_madgwickConfig.cmake, /home/aghosh/makeUofT2020/catkin_ws/devel/share/imu_filter_madgwick/cmake/imu_filter_madgwickConfig.cmake)
Cleaning: (/home/aghosh/makeUofT2020/catkin_ws/devel/.private/imu_filter_madgwick/share/imu_filter_madgwick/docs/ImuFilterMadgwickConfig-usage.dox, /home/aghosh/makeUofT2020/catkin_ws/devel/share/imu_filter_madgwick/docs/ImuFilterMadgwickConfig-usage.dox)
Cleaning: (/home/aghosh/makeUofT2020/catkin_ws/devel/.private/imu_filter_madgwick/share/imu_filter_madgwick/docs/ImuFilterMadgwickConfig.wikidoc, /home/aghosh/makeUofT2020/catkin_ws/devel/share/imu_filter_madgwick/docs/ImuFilterMadgwickConfig.wikidoc)
Cleaning: (/home/aghosh/makeUofT2020/catkin_ws/devel/.private/imu_filter_madgwick/share/imu_filter_madgwick/docs/ImuFilterMadgwickConfig.dox, /home/aghosh/makeUofT2020/catkin_ws/devel/share/imu_filter_madgwick/docs/ImuFilterMadgwickConfig.dox)
Cleaning: (/home/aghosh/makeUofT2020/catkin_ws/devel/.private/imu_filter_madgwick/lib/libimu_filter_nodelet.so, /home/aghosh/makeUofT2020/catkin_ws/devel/lib/libimu_filter_nodelet.so)
Cleaning: (/home/aghosh/makeUofT2020/catkin_ws/devel/.private/imu_filter_madgwick/lib/libimu_filter.so, /home/aghosh/makeUofT2020/catkin_ws/devel/lib/libimu_filter.so)
Cleaning: (/home/aghosh/makeUofT2020/catkin_ws/devel/.private/imu_filter_madgwick/lib/imu_filter_madgwick/imu_filter_node, /home/aghosh/makeUofT2020/catkin_ws/devel/lib/imu_filter_madgwick/imu_filter_node)
Cleaning: (/home/aghosh/makeUofT2020/catkin_ws/devel/.private/imu_filter_madgwick/lib/python2.7/dist-packages/imu_filter_madgwick/__init__.py, /home/aghosh/makeUofT2020/catkin_ws/devel/lib/python2.7/dist-packages/imu_filter_madgwick/__init__.py)
Cleaning: (/home/aghosh/makeUofT2020/catkin_ws/devel/.private/imu_filter_madgwick/lib/python2.7/dist-packages/imu_filter_madgwick/cfg/ImuFilterMadgwickConfig.py, /home/aghosh/makeUofT2020/catkin_ws/devel/lib/python2.7/dist-packages/imu_filter_madgwick/cfg/ImuFilterMadgwickConfig.py)
Cleaning: (/home/aghosh/makeUofT2020/catkin_ws/devel/.private/imu_filter_madgwick/lib/python2.7/dist-packages/imu_filter_madgwick/cfg/__init__.py, /home/aghosh/makeUofT2020/catkin_ws/devel/lib/python2.7/dist-packages/imu_filter_madgwick/cfg/__init__.py)
Cleaning: (/home/aghosh/makeUofT2020/catkin_ws/devel/.private/imu_filter_madgwick/lib/pkgconfig/imu_filter_madgwick.pc, /home/aghosh/makeUofT2020/catkin_ws/devel/lib/pkgconfig/imu_filter_madgwick.pc)
Cleaning: (/home/aghosh/makeUofT2020/catkin_ws/devel/.private/imu_filter_madgwick/include/imu_filter_madgwick/ImuFilterMadgwickConfig.h, /home/aghosh/makeUofT2020/catkin_ws/devel/include/imu_filter_madgwick/ImuFilterMadgwickConfig.h)
Unlinking: /home/aghosh/makeUofT2020/catkin_ws/devel/share/imu_filter_madgwick/cmake/imu_filter_madgwickConfig-version.cmake
Unlinking: /home/aghosh/makeUofT2020/catkin_ws/devel/share/imu_filter_madgwick/cmake/imu_filter_madgwickConfig.cmake
Unlinking: /home/aghosh/makeUofT2020/catkin_ws/devel/share/imu_filter_madgwick/docs/ImuFilterMadgwickConfig-usage.dox
Unlinking: /home/aghosh/makeUofT2020/catkin_ws/devel/share/imu_filter_madgwick/docs/ImuFilterMadgwickConfig.wikidoc
Unlinking: /home/aghosh/makeUofT2020/catkin_ws/devel/share/imu_filter_madgwick/docs/ImuFilterMadgwickConfig.dox
Unlinking: /home/aghosh/makeUofT2020/catkin_ws/devel/lib/libimu_filter_nodelet.so
Unlinking: /home/aghosh/makeUofT2020/catkin_ws/devel/lib/libimu_filter.so
Unlinking: /home/aghosh/makeUofT2020/catkin_ws/devel/lib/imu_filter_madgwick/imu_filter_node
Unlinking: /home/aghosh/makeUofT2020/catkin_ws/devel/lib/python2.7/dist-packages/imu_filter_madgwick/__init__.py
Unlinking: /home/aghosh/makeUofT2020/catkin_ws/devel/lib/python2.7/dist-packages/imu_filter_madgwick/cfg/ImuFilterMadgwickConfig.py
Unlinking: /home/aghosh/makeUofT2020/catkin_ws/devel/lib/python2.7/dist-packages/imu_filter_madgwick/cfg/__init__.py
Unlinking: /home/aghosh/makeUofT2020/catkin_ws/devel/lib/pkgconfig/imu_filter_madgwick.pc
Unlinking: /home/aghosh/makeUofT2020/catkin_ws/devel/include/imu_filter_madgwick/ImuFilterMadgwickConfig.h
